LOG:  database system was shut down at 2017-05-09 17:09:52 HKT
LOG:  MultiXact member wraparound protections are now enabled
LOG:  database system is ready to accept connections
LOG:  autovacuum launcher started
ERROR:  could not obtain lock on row in relation "ir_cron"
STATEMENT:  SELECT *
	                                   FROM ir_cron
	                                   WHERE numbercall != 0
	                                      AND active
	                                      AND nextcall <= (now() at time zone 'UTC')
	                                      AND id=12
	                                   FOR UPDATE NOWAIT
ERROR:  could not obtain lock on row in relation "ir_cron"
STATEMENT:  SELECT *
	                                   FROM ir_cron
	                                   WHERE numbercall != 0
	                                      AND active
	                                      AND nextcall <= (now() at time zone 'UTC')
	                                      AND id=1
	                                   FOR UPDATE NOWAIT
ERROR:  could not obtain lock on row in relation "ir_cron"
STATEMENT:  SELECT *
	                                   FROM ir_cron
	                                   WHERE numbercall != 0
	                                      AND active
	                                      AND nextcall <= (now() at time zone 'UTC')
	                                      AND id=7
	                                   FOR UPDATE NOWAIT
ERROR:  could not obtain lock on row in relation "ir_cron"
STATEMENT:  SELECT *
	                                   FROM ir_cron
	                                   WHERE numbercall != 0
	                                      AND active
	                                      AND nextcall <= (now() at time zone 'UTC')
	                                      AND id=3
	                                   FOR UPDATE NOWAIT
LOG:  received fast shutdown request
LOG:  aborting any active transactions
FATAL:  terminating connection due to administrator command
FATAL:  terminating connection due to administrator command
FATAL:  terminating connection due to administrator command
FATAL:  terminating connection due to administrator command
FATAL:  terminating connection due to administrator command
FATAL:  terminating connection due to administrator command
FATAL:  terminating connection due to administrator command
FATAL:  terminating connection due to administrator command
FATAL:  terminating connection due to administrator command
LOG:  autovacuum launcher shutting down
LOG:  shutting down
LOG:  database system is shut down
